e:\sutingnetwork\qq\imserver\imserver\x64\debug\kernel.obj
e:\sutingnetwork\qq\imserver\imserver\x64\debug\main.obj
e:\sutingnetwork\qq\imserver\imserver\x64\debug\netmediator.obj
e:\sutingnetwork\qq\imserver\imserver\x64\debug\tcpclientmediator.obj
e:\sutingnetwork\qq\imserver\imserver\x64\debug\tcpservermediator.obj
e:\sutingnetwork\qq\imserver\imserver\x64\debug\udpmediator.obj
e:\sutingnetwork\qq\imserver\imserver\x64\debug\cmysql.obj
e:\sutingnetwork\qq\imserver\imserver\x64\debug\tcpclientnet.obj
e:\sutingnetwork\qq\imserver\imserver\x64\debug\tcpservernet.obj
e:\sutingnetwork\qq\imserver\imserver\x64\debug\udpnet.obj
e:\sutingnetwork\qq\imserver\imserver\x64\debug\vc110.pdb
e:\sutingnetwork\qq\imserver\x64\debug\imserver.ilk
e:\sutingnetwork\qq\imserver\x64\debug\imserver.exe
e:\sutingnetwork\qq\imserver\x64\debug\imserver.pdb
e:\sutingnetwork\qq\imserver\imserver\x64\debug\vc141.pdb
e:\sutingnetwork\qq\imserver\imserver\x64\debug\vc141.idb
e:\sutingnetwork\qq\imserver\imserver\x64\debug\cl.command.1.tlog
e:\sutingnetwork\qq\imserver\imserver\x64\debug\cl.read.1.tlog
e:\sutingnetwork\qq\imserver\imserver\x64\debug\cl.write.1.tlog
e:\sutingnetwork\qq\imserver\imserver\x64\debug\link-cvtres.read.1.tlog
e:\sutingnetwork\qq\imserver\imserver\x64\debug\link-cvtres.write.1.tlog
e:\sutingnetwork\qq\imserver\imserver\x64\debug\link-rc.read.1.tlog
e:\sutingnetwork\qq\imserver\imserver\x64\debug\link-rc.write.1.tlog
e:\sutingnetwork\qq\imserver\imserver\x64\debug\link.13420-cvtres.read.1.tlog
e:\sutingnetwork\qq\imserver\imserver\x64\debug\link.13420-cvtres.write.1.tlog
e:\sutingnetwork\qq\imserver\imserver\x64\debug\link.13420-rc.read.1.tlog
e:\sutingnetwork\qq\imserver\imserver\x64\debug\link.13420-rc.write.1.tlog
e:\sutingnetwork\qq\imserver\imserver\x64\debug\link.13420.read.1.tlog
e:\sutingnetwork\qq\imserver\imserver\x64\debug\link.13420.write.1.tlog
e:\sutingnetwork\qq\imserver\imserver\x64\debug\link.8520-cvtres.read.1.tlog
e:\sutingnetwork\qq\imserver\imserver\x64\debug\link.8520-cvtres.write.1.tlog
e:\sutingnetwork\qq\imserver\imserver\x64\debug\link.8520-rc.read.1.tlog
e:\sutingnetwork\qq\imserver\imserver\x64\debug\link.8520-rc.write.1.tlog
e:\sutingnetwork\qq\imserver\imserver\x64\debug\link.8520.read.1.tlog
e:\sutingnetwork\qq\imserver\imserver\x64\debug\link.8520.write.1.tlog
e:\sutingnetwork\qq\imserver\imserver\x64\debug\link.command.1.tlog
e:\sutingnetwork\qq\imserver\imserver\x64\debug\link.read.1.tlog
e:\sutingnetwork\qq\imserver\imserver\x64\debug\link.write.1.tlog
e:\sutingnetwork\qq\imserver\imserver\x64\debug\vc110.idb
e:\sutingnetwork\qq\imserver\imserver\x64\debug\imserver.tlog\cl.command.1.tlog
e:\sutingnetwork\qq\imserver\imserver\x64\debug\imserver.tlog\cl.read.1.tlog
e:\sutingnetwork\qq\imserver\imserver\x64\debug\imserver.tlog\cl.write.1.tlog
e:\sutingnetwork\qq\imserver\imserver\x64\debug\imserver.tlog\link.command.1.tlog
e:\sutingnetwork\qq\imserver\imserver\x64\debug\imserver.tlog\link.delete.1.tlog
e:\sutingnetwork\qq\imserver\imserver\x64\debug\imserver.tlog\link.read.1.tlog
e:\sutingnetwork\qq\imserver\imserver\x64\debug\imserver.tlog\link.write.1.tlog
